<?xml version="1.0" encoding="utf-8"?><testsuites><testsuite name="pytest" errors="0" failures="0" skipped="0" tests="27" time="1.137" timestamp="2024-06-21T17:26:37.555057" hostname="yh2020s-Mini.fios-router.home"><testcase classname="tests.test_cdt.TestCdt" name="test_diff_2cols_in_1df_invalid_input" time="0.021" /><testcase classname="tests.test_cdt.TestCdt" name="test_diff_2cols_in_1df_missing_column" time="0.001" /><testcase classname="tests.test_cdt.TestCdt" name="test_diff_2cols_in_1df_with_difference" time="0.002" /><testcase classname="tests.test_cdt.TestCdt" name="test_diff_2cols_in_1df_without_difference" time="0.001" /><testcase classname="tests.test_cdt.TestCdt" name="test_diff_2cols_in_2df_with_existing_column" time="0.004" /><testcase classname="tests.test_cdt.TestCdt" name="test_diff_2cols_in_2df_with_non_existing_column" time="0.000" /><testcase classname="tests.test_cdt.TestCdt" name="test_diff_2cols_in_2df_with_non_existing_group" time="0.000" /><testcase classname="tests.test_cdt.TestCdt" name="test_diff_2cols_in_2df_with_same_group_and_column" time="0.000" /><testcase classname="tests.test_emt.TestEmt" name="test_expected_file_lists" time="0.002" /><testcase classname="tests.test_emt.TestEmt" name="test_find_files" time="0.003" /><testcase classname="tests.test_emt.TestEmt" name="test_find_hlgt" time="0.002" /><testcase classname="tests.test_emt.TestEmt" name="test_find_hlt" time="0.002" /><testcase classname="tests.test_emt.TestEmt" name="test_find_llt" time="0.004" /><testcase classname="tests.test_emt.TestEmt" name="test_find_pt" time="0.002" /><testcase classname="tests.test_emt.TestEmt" name="test_find_pt_given_soc" time="0.003" /><testcase classname="tests.test_emt.TestEmt" name="test_find_pt_given_soc_primary_only" time="0.004" /><testcase classname="tests.test_emt.TestEmt" name="test_find_soc" time="0.002" /><testcase classname="tests.test_emt.TestEmt" name="test_list_files" time="0.011" /><testcase classname="tests.test_kappa.TestKappaCalculator" name="test_bootstrap_cohen_ci" time="0.088" /><testcase classname="tests.test_kappa.TestKappaCalculator" name="test_cohen" time="0.026" /><testcase classname="tests.test_kappa.TestKappaCalculator" name="test_fleiss_kappa" time="0.025" /><testcase classname="tests.test_lsr.TestLsrTree" name="test_list_files_dataframe" time="0.001" /><testcase classname="tests.test_lsr.TestLsrTree" name="test_list_files_json" time="0.000" /><testcase classname="tests.test_lsr.TestLsrTree" name="test_list_files_list" time="0.000" /><testcase classname="tests.test_lsr.TestLsrTree" name="test_list_files_string" time="0.000" /><testcase classname="tests.test_lsr.TestLsrTree" name="test_list_files_tree" time="0.006" /><testcase classname="tests.test_lsr.TestLsrTree" name="test_list_files_tree2" time="0.004" /></testsuite></testsuites>