<?xml version="1.0" encoding="utf-8"?><testsuites name="pytest tests"><testsuite name="pytest" errors="0" failures="0" skipped="0" tests="23" time="7.514" timestamp="2025-06-20T13:46:06.545242+00:00" hostname="fv-az798-750"><testcase classname="tests.test_statlab_corr.TestCorrCalculator" name="test_calculate_kendall_tau_with_dataframe" time="0.003" /><testcase classname="tests.test_statlab_corr.TestCorrCalculator" name="test_calculate_kendall_tau_with_list" time="0.002" /><testcase classname="tests.test_statlab_corr.TestCorrCalculator" name="test_plot_y_list" time="0.016" /><testcase classname="tests.test_statlab_kappa.TestKappaCalculator" name="test_bootstrap_cohen_ci" time="0.236" /><testcase classname="tests.test_statlab_kappa.TestKappaCalculator" name="test_cohen" time="0.072" /><testcase classname="tests.test_statlab_kappa.TestKappaCalculator" name="test_fleiss_kappa" time="0.070" /><testcase classname="tests.test_util_cdt.TestCdt" name="test_diff_2cols_in_1df_invalid_input" time="0.001" /><testcase classname="tests.test_util_cdt.TestCdt" name="test_diff_2cols_in_1df_missing_column" time="0.001" /><testcase classname="tests.test_util_cdt.TestCdt" name="test_diff_2cols_in_1df_with_difference" time="0.004" /><testcase classname="tests.test_util_cdt.TestCdt" name="test_diff_2cols_in_1df_without_difference" time="0.002" /><testcase classname="tests.test_util_cdt.TestCdt" name="test_diff_2cols_in_2df_with_existing_column" time="0.010" /><testcase classname="tests.test_util_cdt.TestCdt" name="test_diff_2cols_in_2df_with_non_existing_column" time="0.001" /><testcase classname="tests.test_util_cdt.TestCdt" name="test_diff_2cols_in_2df_with_non_existing_group" time="0.001" /><testcase classname="tests.test_util_cdt.TestCdt" name="test_diff_2cols_in_2df_with_same_group_and_column" time="0.001" /><testcase classname="tests.test_util_cdtg.TestCatPlotter" name="test_boxplot" time="0.371" /><testcase classname="tests.test_util_cdtg.TestCatPlotter" name="test_lineplot" time="0.347" /><testcase classname="tests.test_util_cdtg.TestCatPlotter" name="test_update_parameters" time="0.001" /><testcase classname="tests.test_util_lsr.TestLsrTree" name="test_list_files_dataframe" time="0.001" /><testcase classname="tests.test_util_lsr.TestLsrTree" name="test_list_files_json" time="0.001" /><testcase classname="tests.test_util_lsr.TestLsrTree" name="test_list_files_list" time="0.001" /><testcase classname="tests.test_util_lsr.TestLsrTree" name="test_list_files_string" time="0.000" /><testcase classname="tests.test_util_lsr.TestLsrTree" name="test_list_files_tree" time="0.014" /><testcase classname="tests.test_util_lsr.TestLsrTree" name="test_list_files_tree2" time="0.009" /></testsuite></testsuites>